"../../../Engine/Content/ArtTools/RenderToTexture/Enums/RenderToTexture_Enum.uasset" 0
"../../../Engine/Content/ArtTools/RenderToTexture/Enums/RenderToTexture_Flipbook_Enum.uasset" 1
"../../../Engine/Content/ArtTools/RenderToTexture/Enums/RenderToTexture_Imposter_Enum.uasset" 2
"../../../Engine/Content/EditorBlueprintResources/StandardMacros.uasset" 3
"../../../Engine/Content/ArtTools/RenderToTexture/Enums/EIntTypes.uasset" 4
"../../../Engine/Content/ArtTools/RenderToTexture/Macros/RenderToTextureFunctionLibrary.uasset" 5
"../../../Engine/Content/ArtTools/RenderToTexture/Enums/EFloatTypes.uasset" 6
"../../../Engine/Content/ArtTools/RenderToTexture/Macros/RenderToTextureMacros.uasset" 7
"../../../Engine/Content/Functions/Engine_MaterialFunctions01/Opacity/CameraDepthFade.uasset" 8
"../../../Engine/Content/EngineMaterials/T_Default_Material_Grid_M.uasset" 9
"../../../Engine/Content/EngineMaterials/T_Default_Material_Grid_N.uasset" 10
"../../../Engine/Content/EngineMaterials/WorldGridMaterial.uasset" 11
"../../../Engine/Content/ArtTools/RenderToTexture/Meshes/S_1_Unit_Plane.uasset" 12
"../../../Engine/Content/EngineMaterials/DefaultMaterial.uasset" 13
"../../../Engine/Content/BasicShapes/Cone.uasset" 14
"../../../Engine/Content/BasicShapes/Cylinder.uasset" 15
"../../../Engine/Content/BasicShapes/Plane.uasset" 16
"../../../Engine/Content/BasicShapes/Sphere.uasset" 17
"../../../Engine/Content/EngineMaterials/DefaultPhysicalMaterial.uasset" 18
"../../../Engine/Content/BufferVisualization/AmbientOcclusion.uasset" 19
"../../../Engine/Content/BufferVisualization/BaseColor.uasset" 20
"../../../Engine/Content/BufferVisualization/CustomDepth.uasset" 21
"../../../Engine/Content/Functions/Engine_MaterialFunctions02/Utility/VectorLength.uasset" 22
"../../../Engine/Content/BufferVisualization/CustomDepthWorldUnits.uasset" 23
"../../../Engine/Content/Functions/Engine_MaterialFunctions02/Utility/BreakOutFloat2Components.uasset" 24
"../../../Engine/Content/Functions/Engine_MaterialFunctions01/Texturing/ScaleUVsByCenter.uasset" 25
"../../../Engine/Content/Functions/Engine_MaterialFunctions02/ScreenResolution.uasset" 26
"../../../Engine/Content/Functions/Engine_MaterialFunctions02/Texturing/ScreenAlignedUVs.uasset" 27
"../../../Engine/Content/Functions/Engine_MaterialFunctions02/Utility/MakeFloat2.uasset" 28
"../../../Engine/Content/Functions/Engine_MaterialFunctions02/Utility/MakeFloat3.uasset" 29
"../../../Engine/Content/EngineMaterials/MiniFont.uasset" 30
"../../../Engine/Content/BufferVisualization/CustomStencil.uasset" 31
"../../../Engine/Content/BufferVisualization/FinalImage.uasset" 32
"../../../Engine/Content/BufferVisualization/LightingModel.uasset" 33
"../../../Engine/Content/BufferVisualization/MaterialAO.uasset" 34
"../../../Engine/Content/BufferVisualization/Metallic.uasset" 35
"../../../Engine/Content/BufferVisualization/Opacity.uasset" 36
"../../../Engine/Content/BufferVisualization/PostTonemapHDRColor.uasset" 37
"../../../Engine/Content/BufferVisualization/PreTonemapHDRColor.uasset" 38
"../../../Engine/Content/BufferVisualization/Roughness.uasset" 39
"../../../Engine/Content/BufferVisualization/SceneColor.uasset" 40
"../../../Engine/Content/BufferVisualization/SceneDepth.uasset" 41
"../../../Engine/Content/BufferVisualization/SceneDepthWorldUnits.uasset" 42
"../../../Engine/Content/BufferVisualization/SeparateTranslucencyA.uasset" 43
"../../../Engine/Content/BufferVisualization/SeparateTranslucencyRGB.uasset" 44
"../../../Engine/Content/BufferVisualization/Specular.uasset" 45
"../../../Engine/Content/BufferVisualization/SubsurfaceColor.uasset" 46
"../../../Engine/Content/BufferVisualization/WorldNormal.uasset" 47
"../../../Engine/Content/EditorBlueprintResources/ActorMacros.uasset" 48
"../../../Engine/Content/EditorLandscapeResources/DataLayer.uasset" 49
"../../../Engine/Content/EditorLandscapeResources/DefaultAlphaTexture.uasset" 50
"../../../Engine/Content/EditorLandscapeResources/LandscapeGizmoHeight_Mat.uasset" 51
"../../../Engine/Content/EditorLandscapeResources/LandscapeGizmo_Mat.uasset" 52
"../../../Engine/Content/EditorLandscapeResources/LandscapeGizmo_Mat_Copied.uasset" 53
"../../../Engine/Content/EditorLandscapeResources/SplineEditorMeshMat.uasset" 54
"../../../Engine/Content/EditorLandscapeResources/SplineEditorMesh.uasset" 55
"../../../Engine/Content/EditorMaterials/Cross.uasset" 56
"../../../Engine/Content/EditorMaterials/Cross_Mat.uasset" 57
"../../../Engine/Content/EditorMaterials/GizmoMaterial.uasset" 58
"../../../Engine/Content/Functions/Engine_MaterialFunctions02/Utility/Sign.uasset" 59
"../../../Engine/Content/Functions/Engine_MaterialFunctions02/Utility/Round.uasset" 60
"../../../Engine/Content/Functions/Engine_MaterialFunctions02/ExampleContent/Textures/flipbook.uasset" 61
"../../../Engine/Content/Functions/Engine_MaterialFunctions02/Texturing/FlipBook.uasset" 62
"../../../Engine/Content/EditorResources/T_EditorHelp.uasset" 63
"../../../Engine/Content/EditorMaterials/HelpActorMaterial.uasset" 64
"../../../Engine/Content/EditorMaterials/CompositeARGBLayer.uasset" 65
"../../../Engine/Content/EditorMaterials/TilingAALineIntegral.uasset" 66
"../../../Engine/Content/EditorMaterials/TilingAALineBoxFiltered.uasset" 67
"../../../Engine/Content/Functions/Engine_MaterialFunctions03/Procedurals/ComputeFilterWidth.uasset" 68
"../../../Engine/Content/EditorMaterials/TilingAADots.uasset" 69
"../../../Engine/Content/EngineMaterials/BlendFunc_DefBase.uasset" 70
"../../../Engine/Content/EngineMaterials/BlendFunc_DefBlend.uasset" 71
"../../../Engine/Content/Functions/Engine_MaterialFunctions03/Blends/Blend_Screen.uasset" 72
"../../../Engine/Content/EditorMaterials/TilingAAGrid.uasset" 73
"../../../Engine/Content/EditorMaterials/LevelGridMaterial.uasset" 74
"../../../Engine/Content/EditorMaterials/MakeCompositeARGBLayer.uasset" 75
"../../../Engine/Content/EditorResources/LevelGrid1DStripes.uasset" 76
"../../../Engine/Content/EditorMaterials/TextureGridCascaded1D.uasset" 77
"../../../Engine/Content/EditorMaterials/TextureGridCascaded2D.uasset" 78
"../../../Engine/Content/EditorMaterials/LevelGridMaterial2.uasset" 79
"../../../Engine/Content/EditorMaterials/MAT_Groups_Toggle.uasset" 80
"../../../Engine/Content/EditorMaterials/MAT_Groups_Visibility.uasset" 81
"../../../Engine/Content/EditorMaterials/AntialiasedGridFloor.uasset" 82
"../../../Engine/Content/EditorResources/TilePatine_D.uasset" 83
"../../../Engine/Content/EditorResources/TilePatine_N.uasset" 84
"../../../Engine/Content/EngineMaterials/Grid.uasset" 85
"../../../Engine/Content/EditorMaterials/PersonaFloorMat.uasset" 86
"../../../Engine/Content/EditorMaterials/PhAT_BoneSelectedMaterial.uasset" 87
"../../../Engine/Content/EditorMaterials/PhAT_ElemSelectedMaterial.uasset" 88
"../../../Engine/Content/EditorMaterials/PhAT_NoCollisionMaterial.uasset" 89
"../../../Engine/Content/EditorMaterials/PhAT_UnselectedMaterial.uasset" 90
"../../../Engine/Content/EditorMaterials/PreviewShadowIndicator.uasset" 91
"../../../Engine/Content/EditorMaterials/PreviewShadowIndicatorMaterial.uasset" 92
"../../../Engine/Content/EditorMaterials/TargetIcon.uasset" 93
"../../../Engine/Content/EditorMaterials/Tick.uasset" 94
"../../../Engine/Content/EditorMaterials/Tick_Mat.uasset" 95
"../../../Engine/Content/EditorMaterials/WidgetGridVertexColorMaterial.uasset" 96
"../../../Engine/Content/EditorMaterials/WidgetGridVertexColorMaterial_Ma.uasset" 97
"../../../Engine/Content/EditorMaterials/WidgetMaterial.uasset" 98
"../../../Engine/Content/EditorMaterials/WidgetMaterial_Current.uasset" 99
"../../../Engine/Content/EditorMaterials/WidgetMaterial_X.uasset" 100
"../../../Engine/Content/EditorMaterials/WidgetMaterial_Y.uasset" 101
"../../../Engine/Content/EditorMaterials/WidgetMaterial_Z.uasset" 102
"../../../Engine/Content/EditorMaterials/WidgetVertexColorMaterial.uasset" 103
"../../../Engine/Content/EditorMaterials/MatineeGroups/MAT_ColorTrack.uasset" 104
"../../../Engine/Content/EditorMaterials/MatineeGroups/MAT_Groups_Anim.uasset" 105
"../../../Engine/Content/EditorMaterials/MatineeGroups/MAT_Groups_AudioMaster.uasset" 106
"../../../Engine/Content/EditorMaterials/MatineeGroups/MAT_Groups_Director.uasset" 107
"../../../Engine/Content/EditorMaterials/MatineeGroups/MAT_Groups_Event.uasset" 108
"../../../Engine/Content/EditorMaterials/MatineeGroups/MAT_Groups_Fade.uasset" 109
"../../../Engine/Content/EditorMaterials/MatineeGroups/MAT_Groups_Float.uasset" 110
"../../../Engine/Content/EditorMaterials/MatineeGroups/MAT_Groups_Move.uasset" 111
"../../../Engine/Content/EditorMaterials/MatineeGroups/MAT_Groups_Slomo.uasset" 112
"../../../Engine/Content/EditorMaterials/MatineeGroups/MAT_Groups_Sound.uasset" 113
"../../../Engine/Content/EditorMaterials/MatineeGroups/MAT_Groups_Vector.uasset" 114
"../../../Engine/Content/EditorMaterials/ParticleSystems/PSysThumbnail_NoImage.uasset" 115
"../../../Engine/Content/EditorMaterials/ParticleSystems/PSysThumbnail_OOD.uasset" 116
"../../../Engine/Content/EditorMaterials/Thumbnails/FloorPlaneMaterial.uasset" 117
"../../../Engine/Content/EditorMeshes/EditorCube.uasset" 118
"../../../Engine/Content/EditorMeshes/EditorCylinder.uasset" 119
"../../../Engine/Content/EditorMeshes/EditorPlane.uasset" 120
"../../../Engine/Content/EditorMaterials/Thumbnails/SkySphereMaterial.uasset" 121
"../../../Engine/Content/EditorMeshes/EditorSkySphere.uasset" 122
"../../../Engine/Content/EditorMeshes/EditorSphere.uasset" 123
"../../../Engine/Content/EditorResources/MatineeCam_D.uasset" 124
"../../../Engine/Content/EditorMaterials/MatineeCam_mat.uasset" 125
"../../../Engine/Content/EditorMeshes/MatineeCam_SM.uasset" 126
"../../../Engine/Content/Functions/Engine_MaterialFunctions01/Shading/ConvertFromDiffSpec.uasset" 127
"../../../Engine/Content/EditorMaterials/GridMaterial.uasset" 128
"../../../Engine/Content/EditorMeshes/PhAT_FloorBox.uasset" 129
"../../../Engine/Content/EditorMaterials/Camera/CineMat.uasset" 130
"../../../Engine/Content/EditorMaterials/Camera/MI_CineMat_CameraBody.uasset" 131
"../../../Engine/Content/EngineDebugMaterials/M_SimpleOpaque.uasset" 132
"../../../Engine/Content/EditorMaterials/Camera/MI_CineMat_CamViewFinder.uasset" 133
"../../../Engine/Content/EditorMeshes/Camera/SM_CineCam.uasset" 134
"../../../Engine/Content/EditorMaterials/Camera/MI_CineMat_Rig.uasset" 135
"../../../Engine/Content/EditorMeshes/Camera/SM_CraneRig_Arm.uasset" 136
"../../../Engine/Content/EditorMeshes/Camera/SM_CraneRig_Base.uasset" 137
"../../../Engine/Content/EditorMeshes/Camera/SM_CraneRig_Body.uasset" 138
"../../../Engine/Content/EditorMeshes/Camera/SM_CraneRig_Mount.uasset" 139
"../../../Engine/Content/EditorMeshes/Camera/SM_RailRig_Mount.uasset" 140
"../../../Engine/Content/EditorMeshes/Camera/SM_RailRig_Track.uasset" 141
"../../../Engine/Content/EditorResources/Bad.uasset" 142
"../../../Engine/Content/EditorResources/BSPVertex.uasset" 143
"../../../Engine/Content/EditorResources/EmptyActor.uasset" 144
"../../../Engine/Content/EditorResources/MatInstActSprite.uasset" 145
"../../../Engine/Content/EditorResources/SceneManager.uasset" 146
"../../../Engine/Content/EditorResources/SmallFont.uasset" 147
"../../../Engine/Content/EditorResources/S_Actor.uasset" 148
"../../../Engine/Content/EditorResources/S_DecalActorIcon.uasset" 149
"../../../Engine/Content/EditorResources/S_Emitter.uasset" 150
"../../../Engine/Content/EditorResources/S_ExpoHeightFog.uasset" 151
"../../../Engine/Content/EditorResources/S_FTest.uasset" 152
"../../../Engine/Content/EditorResources/S_KBSJoint.uasset" 153
"../../../Engine/Content/EditorResources/S_KHinge.uasset" 154
"../../../Engine/Content/EditorResources/S_KPrismatic.uasset" 155
"../../../Engine/Content/EditorResources/S_LevelSequence.uasset" 156
"../../../Engine/Content/EditorResources/S_NavP.uasset" 157
"../../../Engine/Content/EditorResources/S_Note.uasset" 158
"../../../Engine/Content/EditorResources/S_Player.uasset" 159
"../../../Engine/Content/EditorResources/S_PortalActorIcon2.uasset" 160
"../../../Engine/Content/EditorResources/S_RadForce.uasset" 161
"../../../Engine/Content/EditorResources/S_ReflActorIcon.uasset" 162
"../../../Engine/Content/EditorResources/S_Terrain.uasset" 163
"../../../Engine/Content/EditorResources/S_TextRenderActorIcon.uasset" 164
"../../../Engine/Content/EditorResources/S_Thruster.uasset" 165
"../../../Engine/Content/EditorResources/S_Trigger.uasset" 166
"../../../Engine/Content/EditorResources/S_VectorFieldVol.uasset" 167
"../../../Engine/Content/EditorResources/S_WindDirectional.uasset" 168
"../../../Engine/Content/EditorResources/AI/S_NavLink.uasset" 169
"../../../Engine/Content/EditorResources/AudioIcons/S_AudioComponent.uasset" 170
"../../../Engine/Content/EditorResources/AudioIcons/S_AudioComponent_AutoActivate.uasset" 171
"../../../Engine/Content/EditorResources/LightIcons/SkyLight.uasset" 172
"../../../Engine/Content/EditorResources/LightIcons/S_LightDirectional.uasset" 173
"../../../Engine/Content/EditorResources/LightIcons/S_LightDirectionalMove.uasset" 174
"../../../Engine/Content/EditorResources/LightIcons/S_LightError.uasset" 175
"../../../Engine/Content/EditorResources/LightIcons/S_LightPoint.uasset" 176
"../../../Engine/Content/EditorResources/LightIcons/S_LightPointMove.uasset" 177
"../../../Engine/Content/EditorResources/LightIcons/S_LightSpot.uasset" 178
"../../../Engine/Content/EditorResources/LightIcons/S_LightSpotMove.uasset" 179
"../../../Engine/Content/EditorResources/SequenceRecorder/Countdown.uasset" 180
"../../../Engine/Content/EditorResources/SequenceRecorder/RecordingIndicator.uasset" 181
"../../../Engine/Content/EditorResources/Spline/T_Loft_Spline.uasset" 182
"../../../Engine/Content/EditorSounds/Notifications/CompileFailed.uasset" 183
"../../../Engine/Content/EditorSounds/Notifications/CompileFailed_Cue.uasset" 184
"../../../Engine/Content/EditorSounds/Notifications/CompileSuccess.uasset" 185
"../../../Engine/Content/EditorSounds/Notifications/CompileStart_Cue.uasset" 186
"../../../Engine/Content/EditorSounds/Notifications/CompileSuccess_Cue.uasset" 187
"../../../Engine/Content/EngineDamageTypes/DmgTypeBP_Environmental.uasset" 188
"../../../Engine/Content/EngineDebugMaterials/HeatmapGradient.uasset" 189
"../../../Engine/Content/EngineDebugMaterials/BoneWeightMaterial.uasset" 190
"../../../Engine/Content/EngineDebugMaterials/ClothMaterial.uasset" 191
"../../../Engine/Content/EngineDebugMaterials/ClothMaterial_WF.uasset" 192
"../../../Engine/Content/EngineDebugMaterials/DebugEditorMaterial.uasset" 193
"../../../Engine/Content/EngineDebugMaterials/DebugMeshMaterial.uasset" 194
"../../../Engine/Content/EngineDebugMaterials/GeomMaterial.uasset" 195
"../../../Engine/Content/EngineDebugMaterials/LevelColorationLitMaterial.uasset" 196
"../../../Engine/Content/EngineDebugMaterials/LevelColorationUnlitMaterial.uasset" 197
"../../../Engine/Content/EngineMaterials/DefaultWhiteGrid.uasset" 198
"../../../Engine/Content/EngineDebugMaterials/MAT_LevelColorationLitLightmapUV.uasset" 199
"../../../Engine/Content/EngineDebugMaterials/M_SimpleTranslucent.uasset" 200
"../../../Engine/Content/EngineDebugMaterials/ShadedLevelColorationLitMaterial.uasset" 201
"../../../Engine/Content/EngineDebugMaterials/ShadedLevelColorationUnlitMateri.uasset" 202
"../../../Engine/Content/EngineDebugMaterials/VertexColorMaterial.uasset" 203
"../../../Engine/Content/EngineDebugMaterials/VertexColorViewMode_AlphaAsColor.uasset" 204
"../../../Engine/Content/EngineDebugMaterials/VertexColorViewMode_BlueOnly.uasset" 205
"../../../Engine/Content/EngineDebugMaterials/VertexColorViewMode_ColorOnly.uasset" 206
"../../../Engine/Content/EngineDebugMaterials/VertexColorViewMode_GreenOnly.uasset" 207
"../../../Engine/Content/EngineDebugMaterials/VertexColorViewMode_RedOnly.uasset" 208
"../../../Engine/Content/EngineDebugMaterials/WireframeMaterial.uasset" 209
"../../../Engine/Content/EngineFonts/Faces/RobotoBold.uasset" 210
"../../../Engine/Content/EngineFonts/Faces/RobotoBoldItalic.uasset" 211
"../../../Engine/Content/EngineFonts/Faces/RobotoItalic.uasset" 212
"../../../Engine/Content/EngineFonts/Faces/RobotoLight.uasset" 213
"../../../Engine/Content/EngineFonts/Faces/RobotoRegular.uasset" 214
"../../../Engine/Content/EngineFonts/Roboto.uasset" 215
"../../../Engine/Content/EngineFonts/Faces/RobotoTiny.uasset" 216
"../../../Engine/Content/EngineFonts/RobotoTiny.uasset" 217
"../../../Engine/Content/EngineFonts/SmallFont.uasset" 218
"../../../Engine/Content/EngineFonts/TinyFont.uasset" 219
"../../../Engine/Content/EngineMaterials/BaseFlattenDiffuseMap.uasset" 220
"../../../Engine/Content/EngineMaterials/BaseFlattenEmissiveMap.uasset" 221
"../../../Engine/Content/EngineMaterials/BaseFlattenGrayscaleMap.uasset" 222
"../../../Engine/Content/EngineMaterials/BaseFlattenNormalMap.uasset" 223
"../../../Engine/Content/EngineMaterials/BaseFlattenMaterial.uasset" 224
"../../../Engine/Content/EngineResources/WhiteSquareTexture.uasset" 225
"../../../Engine/Content/EngineMaterials/BlinkingCaret.uasset" 226
"../../../Engine/Content/EngineMaterials/DefaultBloomKernel.uasset" 227
"../../../Engine/Content/EngineMaterials/DefaultBokeh.uasset" 228
"../../../Engine/Content/EngineMaterials/DefaultDiffuse.uasset" 229
"../../../Engine/Content/EngineMaterials/DefaultDeferredDecalMaterial.uasset" 230
"../../../Engine/Content/EngineMaterials/DefaultLightFunctionMaterial.uasset" 231
"../../../Engine/Content/EngineMaterials/DefaultNormal.uasset" 232
"../../../Engine/Content/EngineMaterials/DefaultPostProcessMaterial.uasset" 233
"../../../Engine/Content/EngineFonts/RobotoDistanceField.uasset" 234
"../../../Engine/Content/EngineMaterials/DefaultTextMaterialOpaque.uasset" 235
"../../../Engine/Content/EngineMaterials/EditorBrushMaterial.uasset" 236
"../../../Engine/Content/EngineMaterials/Good64x64TilingNoiseHighFreq.uasset" 237
"../../../Engine/Content/EngineMaterials/Grid_N.uasset" 238
"../../../Engine/Content/EngineMaterials/HighResolutionScreenshotMaskFunction.uasset" 239
"../../../Engine/Content/EngineMaterials/HighResScreenshot.uasset" 240
"../../../Engine/Content/EngineMaterials/HighResScreenshotCaptureRegion.uasset" 241
"../../../Engine/Content/EngineMaterials/HighResScreenshotMask.uasset" 242
"../../../Engine/Content/EngineMaterials/LandscapeHolePhysicalMaterial.uasset" 243
"../../../Engine/Content/EngineMaterials/InvalidLightmapSettings.uasset" 244
"../../../Engine/Content/EngineMaterials/M_InvalidLightmapSettings.uasset" 245
"../../../Engine/Content/EngineMaterials/PaperDiffuse.uasset" 246
"../../../Engine/Content/EngineMaterials/PaperNormal.uasset" 247
"../../../Engine/Content/Functions/Engine_MaterialFunctions02/WorldPositionOffset/CameraOffset.uasset" 248
"../../../Engine/Content/EngineMaterials/PhAT_JointLimitMaterial.uasset" 249
"../../../Engine/Content/EngineMaterials/PhysMat_Rubber.uasset" 250
"../../../Engine/Content/EngineMaterials/PreintegratedSkinBRDF.uasset" 251
"../../../Engine/Content/EngineMaterials/RemoveSurfaceMaterial.uasset" 252
"../../../Engine/Content/EngineMaterials/WeightMapPlaceholderTexture.uasset" 253
"../../../Engine/Content/EngineMaterials/Widget3DPassThrough.uasset" 254
"../../../Engine/Content/EngineMaterials/Widget3DPassThrough_Masked.uasset" 255
"../../../Engine/Content/EngineMaterials/Widget3DPassThrough_Opaque.uasset" 256
"../../../Engine/Content/EngineMaterials/Widget3DPassThrough_Masked_OneSided.uasset" 257
"../../../Engine/Content/EngineMaterials/Widget3DPassThrough_Opaque_OneSided.uasset" 258
"../../../Engine/Content/EngineMaterials/Widget3DPassThrough_Translucent.uasset" 259
"../../../Engine/Content/EngineMaterials/Widget3DPassThrough_Translucent_OneSided.uasset" 260
"../../../Engine/Content/EngineMeshes/Cylinder.uasset" 261
"../../../Engine/Content/EngineMeshes/Sphere.uasset" 262
"../../../Engine/Content/EngineResources/Black.uasset" 263
"../../../Engine/Content/EngineResources/DefaultTexture.uasset" 264
"../../../Engine/Content/EngineResources/DefaultTextureCube.uasset" 265
"../../../Engine/Content/EngineResources/DefaultVolumeTexture2D.uasset" 266
"../../../Engine/Content/EngineResources/DefaultVolumeTexture.uasset" 267
"../../../Engine/Content/EngineResources/GradientTexture0.uasset" 268
"../../../Engine/Content/EngineResources/StreamingPauseIcon.uasset" 269
"../../../Engine/Content/EngineResources/M_StreamingPause.uasset" 270
"../../../Engine/Content/EngineSounds/Master.uasset" 271
"../../../Engine/Content/Functions/Engine_MaterialFunctions01/Shading/PowerToRoughness.uasset" 272
"../../../Engine/Content/Maps/Templates/Thumbnails/Default.uasset" 273
"../../../Engine/Content/Maps/Templates/Thumbnails/VR-Basic.uasset" 274
"../../../Engine/Content/MapTemplates/Sky/DaylightAmbientCubemap.uasset" 275
"../../../Engine/Content/MobileResources/T_MobileControls_texture.uasset" 276
"../../../Engine/Content/MobileResources/T_MobileMenu2.uasset" 277
"../../../Engine/Content/MobileResources/HUD/AnalogHat.uasset" 278
"../../../Engine/Content/MobileResources/HUD/VirtualJoystick_Background.uasset" 279
"../../../Engine/Content/MobileResources/HUD/VirtualJoystick_Thumb.uasset" 280
"../../../Engine/Content/MobileResources/HUD/DefaultVirtualJoysticks.uasset" 281
"../../../Engine/Content/MobileResources/HUD/LeftVirtualJoystickOnly.uasset" 282
"../../../Engine/Content/MobileResources/HUD/MobileHUDButton1_off.uasset" 283
"../../../Engine/Content/MobileResources/HUD/MobileHUDButton1_on.uasset" 284
"../../../Engine/Content/MobileResources/HUD/MobileHUDButton2_off.uasset" 285
"../../../Engine/Content/MobileResources/HUD/MobileHUDButton2_on.uasset" 286
"../../../Engine/Content/MobileResources/HUD/MobileHUDButton3.uasset" 287
"../../../Engine/Content/MobileResources/HUD/MobileHUDButtonFire.uasset" 288
"../../../Engine/Content/MobileResources/HUD/MobileHUDDirectionPad.uasset" 289
"../../../Engine/Content/MobileResources/HUD/MobileHUDDirectionPad2.uasset" 290
"../../../Engine/Content/MobileResources/HUD/MobileHUDDirectionPad3.uasset" 291
"../../../Engine/Content/MobileResources/HUD/MobileHUDDirectionStick.uasset" 292
"../../../Engine/Content/MobileResources/HUD/T_Castle_ThumbstickInner.uasset" 293
"../../../Engine/Content/MobileResources/HUD/T_Castle_ThumbstickOutter.uasset" 294
"../../../Engine/Content/Tutorial/ContentIntroCurve.uasset" 295
"../../../Engine/Content/Tutorial/Basics/TutorialAssets/icon_tab_Levels_40x.uasset" 296
"../../../Engine/Content/Tutorial/BlueprintTutorials/TutorialAssets/Blueprint_64x.uasset" 297
"../../../Engine/Content/Tutorial/Foliage/TutorialAssets/Foliage.uasset" 298
"../../../Engine/Content/Tutorial/Landscape/TutorialAssets/Landscape.uasset" 299
"../../../Engine/Content/Tutorial/SubEditors/TutorialAssets/TutorialMaterial.uasset" 300
"../../../Engine/Content/VREditor/LaserPointer/VR_LaserPower_01.uasset" 301
"../../../Engine/Content/VREditor/TransformGizmo/TransformGizmoMaterial.uasset" 302
"../../../Engine/Content/VREditor/TransformGizmo/TranslucentTransformGizmoMaterial.uasset" 303
"../../../Engine/Content/VREditor/TransformGizmo/BoundingBoxCorner.uasset" 304
"../../../Engine/Content/VREditor/TransformGizmo/BoundingBoxEdge.uasset" 305
"../../../Engine/Content/VREditor/TransformGizmo/PlaneTranslationHandle.uasset" 306
"../../../Engine/Content/VREditor/TransformGizmo/Main.uasset" 307
"../../../Engine/Content/VREditor/TransformGizmo/Xray.uasset" 308
"../../../Engine/Content/VREditor/TransformGizmo/SM_Sequencer_Key.uasset" 309
"../../../Engine/Content/VREditor/TransformGizmo/SM_Sequencer_Node.uasset" 310
"../../../../../end  project/MyProject2/MyProject2/Content/FirstPerson/Audio/FirstPersonTemplateWeaponFire02.uasset" 311
"../../../../../end  project/MyProject2/MyProject2/Content/FirstPerson/Character/Textures/UE4_LOGO_CARD.uasset" 312
"../../../../../end  project/MyProject2/MyProject2/Content/FirstPerson/FPWeapon/Materials/MaterialLayers/ML_Plastic_Shiny_Beige_LOGO.uasset" 313
"../../../../../end  project/MyProject2/MyProject2/Content/FirstPerson/FPWeapon/Materials/MaterialLayers/rail-gun_prototype_rough.uasset" 314
"../../../../../end  project/MyProject2/MyProject2/Content/FirstPerson/FPWeapon/Materials/MaterialLayers/rail-gun_prototype_T3_color.uasset" 315
"../../../../../end  project/MyProject2/MyProject2/Content/FirstPerson/FPWeapon/Materials/MaterialLayers/rail-gun_prototype_T3_rough.uasset" 316
"../../../../../end  project/MyProject2/MyProject2/Content/FirstPerson/FPWeapon/Materials/MaterialLayers/Railgun_color.uasset" 317
"../../../../../end  project/MyProject2/MyProject2/Content/FirstPerson/FPWeapon/Materials/MaterialLayers/T_ML_FineRubber.uasset" 318
"../../../../../end  project/MyProject2/MyProject2/Content/FirstPerson/FPWeapon/Mesh/black-and-white-gray-grey-1050305.uasset" 319
"../../../../../end  project/MyProject2/MyProject2/Content/FirstPerson/FPWeapon/Mesh/M_weapon.uasset" 320
"../../../../../end  project/MyProject2/MyProject2/Content/FirstPerson/FPWeapon/Mesh/SK_FPGun_PhysicsAsset.uasset" 321
"../../../../../end  project/MyProject2/MyProject2/Content/FirstPerson/Meshes/Material__26.uasset" 322
"../../../../../end  project/MyProject2/MyProject2/Content/FirstPerson/Meshes/Material__47.uasset" 323
"../../../../../end  project/MyProject2/MyProject2/Content/FirstPerson/Meshes/Material__1.uasset" 324
"../../../../../end  project/MyProject2/MyProject2/Content/FirstPerson/Meshes/Cylinder01.uasset" 325
"../../../../../end  project/MyProject2/MyProject2/Content/FirstPerson/Meshes/Material__2.uasset" 326
"../../../../../end  project/MyProject2/MyProject2/Content/FirstPerson/Meshes/Material__37.uasset" 327
"../../../../../end  project/MyProject2/MyProject2/Content/FirstPerson/Meshes/Mesh01.uasset" 328
"../../../../../end  project/MyProject2/MyProject2/Content/FirstPerson/Meshes/FbxScene_free_injector_FBX.uasset" 329
"../../../../../end  project/MyProject2/MyProject2/Content/FirstPerson/Meshes/BaseMaterial.uasset" 330
"../../../../../end  project/MyProject2/MyProject2/Content/FirstPerson/Meshes/FirstPersonProjectileMaterial.uasset" 331
"../../../../../end  project/MyProject2/MyProject2/Content/FirstPerson/Meshes/FirstPersonProjectileMesh.uasset" 332
"../../../../../end  project/MyProject2/MyProject2/Content/FirstPersonBP/AI/GeoSphere01.uasset" 333
"../../../../../end  project/MyProject2/MyProject2/Content/FirstPersonBP/AI/FbxScene_Sars_Virus_super_low_res.uasset" 334
"../../../../../end  project/MyProject2/MyProject2/Content/FirstPersonBP/AI/SARS_Virus_Complete_map.uasset" 335
"../../../../../end  project/MyProject2/MyProject2/Content/FirstPersonBP/AI/M_virus.uasset" 336
"../../../../../end  project/MyProject2/MyProject2/Content/FirstPersonBP/Blueprints/w2_Skeleton.uasset" 337
"../../../../../end  project/MyProject2/MyProject2/Content/FirstPersonBP/menu/HitPlayButton.uasset" 338
"../../../../../end  project/MyProject2/MyProject2/Content/Geometry/Meshes/CubeMaterial.uasset" 339
"../../../../../end  project/MyProject2/MyProject2/Content/Geometry/Meshes/1M_Cube_Chamfer.uasset" 340
"../../../../../end  project/MyProject2/MyProject2/Content/Geometry/Meshes/TemplateFloor.uasset" 341
"../../../../../end  project/MyProject2/MyProject2/Content/MobileStarterContent/Materials/M_Basic_Wall.uasset" 342
"../../../../../end  project/MyProject2/MyProject2/Content/MobileStarterContent/Architecture/Pillar_50x500.uasset" 343
"../../../../../end  project/MyProject2/MyProject2/Content/MobileStarterContent/Architecture/Wall_400x300.uasset" 344
"../../../../../end  project/MyProject2/MyProject2/Content/MobileStarterContent/Architecture/Wall_400x400.uasset" 345
"../../../../../end  project/MyProject2/MyProject2/Content/MobileStarterContent/Architecture/Wall_500x500.uasset" 346
"../../../../../end  project/MyProject2/MyProject2/Content/MobileStarterContent/Architecture/Wall_Door_400x400.uasset" 347
"../../../../../end  project/MyProject2/MyProject2/Content/MobileStarterContent/Architecture/Wall_Window_400x400.uasset" 348
"../../../../../end  project/MyProject2/MyProject2/Content/MobileStarterContent/Audio/Light01.uasset" 349
"../../../../../end  project/MyProject2/MyProject2/Content/MobileStarterContent/Audio/Light01_Cue.uasset" 350
"../../../../../end  project/MyProject2/MyProject2/Content/MobileStarterContent/Audio/Light02.uasset" 351
"../../../../../end  project/MyProject2/MyProject2/Content/MobileStarterContent/Audio/Light02_Cue.uasset" 352
"../../../../../end  project/MyProject2/MyProject2/Content/MobileStarterContent/Audio/Steam01.uasset" 353
"../../../../../end  project/MyProject2/MyProject2/Content/MobileStarterContent/Audio/Steam01_Cue.uasset" 354
"../../../../../end  project/MyProject2/MyProject2/Content/MobileStarterContent/Audio/Explosion01.uasset" 355
"../../../../../end  project/MyProject2/MyProject2/Content/MobileStarterContent/Audio/Explosion02.uasset" 356
"../../../../../end  project/MyProject2/MyProject2/Content/MobileStarterContent/Audio/Explosion_Cue.uasset" 357
"../../../../../end  project/MyProject2/MyProject2/Content/MobileStarterContent/Textures/T_Burst_M.uasset" 358
"../../../../../end  project/MyProject2/MyProject2/Content/MobileStarterContent/Particles/Materials/M_Burst.uasset" 359
"../../../../../end  project/MyProject2/MyProject2/Content/MobileStarterContent/Textures/T_Explosion_SubUV.uasset" 360
"../../../../../end  project/MyProject2/MyProject2/Content/MobileStarterContent/Particles/Materials/M_explosion_subUV.uasset" 361
"../../../../../end  project/MyProject2/MyProject2/Content/MobileStarterContent/Particles/Materials/m_flare_01.uasset" 362
"../../../Engine/Content/Functions/Engine_MaterialFunctions01/Gradient/RadialGradient.uasset" 363
"../../../../../end  project/MyProject2/MyProject2/Content/MobileStarterContent/Particles/Materials/M_radial_ramp.uasset" 364
"../../../../../end  project/MyProject2/MyProject2/Content/MobileStarterContent/Textures/T_Smoke_SubUV.uasset" 365
"../../../../../end  project/MyProject2/MyProject2/Content/MobileStarterContent/Textures/T_Smoke_Tiled_D.uasset" 366
"../../../../../end  project/MyProject2/MyProject2/Content/MobileStarterContent/Particles/Materials/M_smoke_subUV.uasset" 367
"../../../../../end  project/MyProject2/MyProject2/Content/MobileStarterContent/Particles/P_Explosion.uasset" 368
"../../../../../end  project/MyProject2/MyProject2/Content/MobileStarterContent/Blueprints/Blueprint_Effect_Explosion.uasset" 369
"../../../../../end  project/MyProject2/MyProject2/Content/MobileStarterContent/Textures/T_Bush_D.uasset" 370
"../../../../../end  project/MyProject2/MyProject2/Content/MobileStarterContent/Textures/T_Bush_N.uasset" 371
"../../../../../end  project/MyProject2/MyProject2/Content/MobileStarterContent/Props/Materials/M_Bush.uasset" 372
"../../../../../end  project/MyProject2/MyProject2/Content/MobileStarterContent/Props/SM_Bush.uasset" 373
"../../../../../end  project/MyProject2/MyProject2/Content/MobileStarterContent/Textures/T_Chair_M.uasset" 374
"../../../../../end  project/MyProject2/MyProject2/Content/MobileStarterContent/Textures/T_Chair_N.uasset" 375
"../../../../../end  project/MyProject2/MyProject2/Content/MobileStarterContent/Props/Materials/M_Chair.uasset" 376
"../../../../../end  project/MyProject2/MyProject2/Content/MobileStarterContent/Props/SM_Couch.uasset" 377
"../../../../../end  project/MyProject2/MyProject2/Content/MobileStarterContent/Materials/M_Glass.uasset" 378
"../../../../../end  project/MyProject2/MyProject2/Content/MobileStarterContent/Textures/T_Door_M.uasset" 379
"../../../../../end  project/MyProject2/MyProject2/Content/MobileStarterContent/Textures/T_Door_N.uasset" 380
"../../../../../end  project/MyProject2/MyProject2/Content/MobileStarterContent/Props/Materials/M_Door.uasset" 381
"../../../../../end  project/MyProject2/MyProject2/Content/MobileStarterContent/Props/SM_Door.uasset" 382
"../../../../../end  project/MyProject2/MyProject2/Content/MobileStarterContent/Props/Materials/M_MaterialSphere.uasset" 383
"../../../../../end  project/MyProject2/MyProject2/Content/MobileStarterContent/Props/Materials/M_MaterialSphere_Plain.uasset" 384
"../../../../../end  project/MyProject2/MyProject2/Content/MobileStarterContent/Props/SM_MatPreviewMesh_02.uasset" 385
"../../../../../end  project/MyProject2/MyProject2/Content/MobileStarterContent/Textures/T_Rock_Basalt_D.uasset" 386
"../../../../../end  project/MyProject2/MyProject2/Content/MobileStarterContent/Textures/T_RockMesh_M.uasset" 387
"../../../../../end  project/MyProject2/MyProject2/Content/MobileStarterContent/Textures/T_RockMesh_N.uasset" 388
"../../../../../end  project/MyProject2/MyProject2/Content/MobileStarterContent/Props/Materials/M_Rock.uasset" 389
"../../../../../end  project/MyProject2/MyProject2/Content/MobileStarterContent/Props/SM_Rock.uasset" 390
"../../../../../end  project/MyProject2/MyProject2/Content/MobileStarterContent/Textures/T_Shelf_M.uasset" 391
"../../../../../end  project/MyProject2/MyProject2/Content/MobileStarterContent/Textures/T_Shelf_N.uasset" 392
"../../../../../end  project/MyProject2/MyProject2/Content/MobileStarterContent/Props/Materials/M_Shelf.uasset" 393
"../../../../../end  project/MyProject2/MyProject2/Content/MobileStarterContent/Props/SM_Shelf.uasset" 394
"../../../../../end  project/MyProject2/MyProject2/Content/MobileStarterContent/Props/SM_Stairs.uasset" 395
"../../../../../end  project/MyProject2/MyProject2/Content/MobileStarterContent/Shapes/Shape_Cone.uasset" 396
"../../../../../end  project/MyProject2/MyProject2/Content/MobileStarterContent/Shapes/Shape_Cylinder.uasset" 397
"../../../../../end  project/MyProject2/MyProject2/Content/MobileStarterContent/Shapes/Shape_NarrowCapsule.uasset" 398
"../../../../../end  project/MyProject2/MyProject2/Content/MobileStarterContent/Shapes/Shape_Pipe.uasset" 399
"../../../../../end  project/MyProject2/MyProject2/Content/MobileStarterContent/Shapes/Shape_Pipe_180.uasset" 400
"../../../../../end  project/MyProject2/MyProject2/Content/MobileStarterContent/Shapes/Shape_Pipe_90.uasset" 401
"../../../../../end  project/MyProject2/MyProject2/Content/MobileStarterContent/Shapes/Shape_Plane.uasset" 402
"../../../../../end  project/MyProject2/MyProject2/Content/MobileStarterContent/Shapes/Shape_Torus.uasset" 403
"../../../../../end  project/MyProject2/MyProject2/Content/MobileStarterContent/Shapes/Shape_Trim.uasset" 404
"../../../../../end  project/MyProject2/MyProject2/Content/MobileStarterContent/Shapes/Shape_Trim_90_In.uasset" 405
"../../../../../end  project/MyProject2/MyProject2/Content/MobileStarterContent/Shapes/Shape_Trim_90_Out.uasset" 406
"../../../../../end  project/MyProject2/MyProject2/Content/MobileStarterContent/Shapes/Shape_TriPyramid.uasset" 407
"../../../../../end  project/MyProject2/MyProject2/Content/MobileStarterContent/Shapes/Shape_Tube.uasset" 408
"../../../../../end  project/MyProject2/MyProject2/Content/MobileStarterContent/Shapes/Shape_Wedge_A.uasset" 409
"../../../../../end  project/MyProject2/MyProject2/Content/MobileStarterContent/Shapes/Shape_Wedge_B.uasset" 410
"../../../../../end  project/MyProject2/MyProject2/Content/MobileStarterContent/Shapes/Shape_WideCapsule.uasset" 411
"../../../../../end  project/MyProject2/MyProject2/Content/MobileStarterContent/Textures/T_CobbleStone_Pebble_M.uasset" 412
"../../../../../end  project/MyProject2/MyProject2/Content/MobileStarterContent/Textures/T_Concrete_Tiles_Variation_M.uasset" 413
"../../../../../end  project/MyProject2/MyProject2/Content/MobileStarterContent/Textures/T_Detail_Rocky_N.uasset" 414
"../../../../../end  project/MyProject2/MyProject2/Content/MobileStarterContent/Textures/T_Gradinet_01.uasset" 415
"../../../../../end  project/MyProject2/MyProject2/Content/MobileStarterContent/Textures/T_Perlin_Noise_M.uasset" 416
"../../../../../end  project/MyProject2/MyProject2/Content/MobileStarterContent/Textures/T_Rock_Smooth_Granite_D.uasset" 417
"../../Plugins/2D/Paper2D/Content/PlaceholderTextures/DummySpriteTexture.uasset" 418
"../../Plugins/2D/Paper2D/Content/DummySprite.uasset" 419
"../../Plugins/2D/Paper2D/Content/DefaultPaperTerrainMaterial.uasset" 420
"../../Plugins/2D/Paper2D/Content/DefaultSpriteMaterial.uasset" 421
"../../Plugins/2D/Paper2D/Content/MaskedUnlitSpriteMaterial.uasset" 422
"../../Plugins/2D/Paper2D/Content/OpaqueUnlitSpriteMaterial.uasset" 423
"../../Plugins/Enterprise/DatasmithContent/Content/Blueprints/FBXImporter/ArrayOfActor.uasset" 424
"../../Plugins/Enterprise/DatasmithContent/Content/Blueprints/FBXImporter/ArrayOfSwitch.uasset" 425
"../../Plugins/Enterprise/DatasmithContent/Content/Blueprints/FBXImporter/BP_SceneNode.uasset" 426
"../../Plugins/Enterprise/DatasmithContent/Content/Blueprints/FBXImporter/BP_Switch.uasset" 427
"../../Plugins/Enterprise/DatasmithContent/Content/Blueprints/FBXImporter/BP_SceneRoot.uasset" 428
"../../Plugins/Enterprise/DatasmithContent/Content/Blueprints/FBXImporter/FBXImporterUtils.uasset" 429
"../../Plugins/Enterprise/DatasmithContent/Content/Blueprints/FBXImporter/Animation/DeltaGenAnimationTrackType.uasset" 430
"../../Plugins/Enterprise/DatasmithContent/Content/Blueprints/FBXImporter/Animation/VREDAnimationTrackComponent.uasset" 431
"../../Plugins/Enterprise/DatasmithContent/Content/Blueprints/FBXImporter/Animation/VREDAnimationTrackType.uasset" 432
"../../Plugins/Enterprise/DatasmithContent/Content/Blueprints/FBXImporter/Variants/VariantSwitchType.uasset" 433
"../../Plugins/Enterprise/DatasmithContent/Content/Blueprints/FBXImporter/Variants/VREDVariantSwitchType.uasset" 434
"../../Plugins/Runtime/Oculus/OculusVR/Content/Materials/PokeAHoleMaterial.uasset" 435
"../../Plugins/Runtime/Oculus/OculusVR/Content/Textures/GearVRController_AO.uasset" 436
"../../Plugins/Runtime/Oculus/OculusVR/Content/Textures/GearVRController_Color.uasset" 437
"../../Plugins/Runtime/Oculus/OculusVR/Content/Textures/GearVRController_Normal.uasset" 438
"../../Plugins/Runtime/Oculus/OculusVR/Content/Materials/GearVRControllerMaterial.uasset" 439
"../../Plugins/Runtime/Oculus/OculusVR/Content/Meshes/GearVrController.uasset" 440
"../../Plugins/Runtime/Oculus/OculusVR/Content/Textures/touchController_albedo.uasset" 441
"../../Plugins/Runtime/Oculus/OculusVR/Content/Textures/touchController_controlmap.uasset" 442
"../../Plugins/Runtime/Oculus/OculusVR/Content/Materials/touchController_mat.uasset" 443
"../../Plugins/Runtime/Oculus/OculusVR/Content/Meshes/LeftTouchController.uasset" 444
"../../Plugins/Runtime/Oculus/OculusVR/Content/Meshes/RiftHMD.uasset" 445
"../../Plugins/Runtime/Oculus/OculusVR/Content/Meshes/RightTouchController.uasset" 446
"../../../../../end  project/MyProject2/MyProject2/Content/FirstPerson/Character/Mesh/SK_Mannequin_Arms_Skeleton.uasset" 447
"../../../../../end  project/MyProject2/MyProject2/Content/FirstPerson/Animations/FirstPerson_Idle.uasset" 448
"../../../../../end  project/MyProject2/MyProject2/Content/FirstPerson/Animations/FirstPerson_JumpEnd.uasset" 449
"../../../../../end  project/MyProject2/MyProject2/Content/FirstPerson/Animations/FirstPerson_JumpLoop.uasset" 450
"../../../../../end  project/MyProject2/MyProject2/Content/FirstPerson/Animations/FirstPerson_JumpStart.uasset" 451
"../../../../../end  project/MyProject2/MyProject2/Content/FirstPerson/Animations/FirstPerson_Run.uasset" 452
"../../../../../end  project/MyProject2/MyProject2/Content/FirstPerson/Animations/FirstPerson_AnimBP.uasset" 453
"../../../../../end  project/MyProject2/MyProject2/Content/FirstPerson/Animations/FirstPerson_Fire.uasset" 454
"../../../../../end  project/MyProject2/MyProject2/Content/FirstPerson/Animations/FirstPersonFire_Montage.uasset" 455
"../../../../../end  project/MyProject2/MyProject2/Content/FirstPersonBP/AI/AiBP.uasset" 456
"../../../../../end  project/MyProject2/MyProject2/Content/MobileStarterContent/Textures/T_Ground_Grass_D.uasset" 457
"../../../../../end  project/MyProject2/MyProject2/Content/MobileStarterContent/Textures/T_Ground_Grass_N.uasset" 458
"../../../../../end  project/MyProject2/MyProject2/Content/MobileStarterContent/Materials/M_Ground_Grass.uasset" 459
"../../../../../end  project/MyProject2/MyProject2/Content/MobileStarterContent/Textures/T_Metal_Rust_D.uasset" 460
"../../../../../end  project/MyProject2/MyProject2/Content/MobileStarterContent/Textures/T_Metal_Rust_N.uasset" 461
"../../../../../end  project/MyProject2/MyProject2/Content/MobileStarterContent/Materials/M_Metal_Rust.uasset" 462
"../../../../../end  project/MyProject2/MyProject2/Content/MobileStarterContent/Textures/T_TableRound_M.uasset" 463
"../../../../../end  project/MyProject2/MyProject2/Content/MobileStarterContent/Textures/T_TableRound_N.uasset" 464
"../../../../../end  project/MyProject2/MyProject2/Content/MobileStarterContent/Props/Materials/M_TableRound.uasset" 465
"../../../../../end  project/MyProject2/MyProject2/Content/FirstPersonBP/AI/Icosphere.uasset" 466
"../../../../../end  project/MyProject2/MyProject2/Content/FirstPersonBP/AI/enermy.uasset" 467
"../../../../../end  project/MyProject2/MyProject2/Content/FirstPersonBP/Blueprints/FirstPersonProjectile.uasset" 468
"../../../../../end  project/MyProject2/MyProject2/Content/FirstPerson/Audio/44379__bantha-brain__snr-slog.uasset" 469
"../../../Engine/Content/Functions/Engine_MaterialFunctions02/Utility/BlendAngleCorrectedNormals.uasset" 470
"../../../Engine/Content/Functions/MaterialLayerFunctions/MatLayerBlend_NormalBlend.uasset" 471
"../../../Engine/Content/Functions/MaterialLayerFunctions/MatLayerBlend_Simple.uasset" 472
"../../../../../end  project/MyProject2/MyProject2/Content/FirstPerson/Character/Materials/MaterialLayers/T_ML_Rubber_Blue_01_D.uasset" 473
"../../../../../end  project/MyProject2/MyProject2/Content/FirstPerson/Character/Materials/MaterialLayers/T_ML_Rubber_Blue_01_N.uasset" 474
"../../../../../end  project/MyProject2/MyProject2/Content/FirstPerson/Character/Materials/MaterialLayers/ML_GlossyBlack_Latex_UE4.uasset" 475
"../../../../../end  project/MyProject2/MyProject2/Content/FirstPerson/Character/Materials/MaterialLayers/ML_Plastic_Shiny_Beige.uasset" 476
"../../../../../end  project/MyProject2/MyProject2/Content/FirstPerson/Character/Materials/MaterialLayers/ML_Plastic_Shiny_Beige_LOGO.uasset" 477
"../../../../../end  project/MyProject2/MyProject2/Content/FirstPerson/Character/Materials/MaterialLayers/T_ML_Aluminum01.uasset" 478
"../../../../../end  project/MyProject2/MyProject2/Content/FirstPerson/Character/Materials/MaterialLayers/T_ML_Aluminum01_N.uasset" 479
"../../../../../end  project/MyProject2/MyProject2/Content/FirstPerson/Character/Materials/MaterialLayers/ML_SoftMetal_UE4.uasset" 480
"../../../../../end  project/MyProject2/MyProject2/Content/FirstPerson/Character/Textures/UE4_Mannequin__normals.uasset" 481
"../../../../../end  project/MyProject2/MyProject2/Content/FirstPerson/Character/Textures/UE4_Mannequin_MAT_MASKA.uasset" 482
"../../../../../end  project/MyProject2/MyProject2/Content/FirstPerson/Character/Materials/M_UE4Man_Body.uasset" 483
"../../../../../end  project/MyProject2/MyProject2/Content/FirstPerson/Character/Mesh/SK_Mannequin_Arms_PhysicsAsset.uasset" 484
"../../../../../end  project/MyProject2/MyProject2/Content/FirstPerson/Character/Mesh/SK_Mannequin_Arms.uasset" 485
"../../../../../end  project/MyProject2/MyProject2/Content/FirstPerson/FPWeapon/Mesh/defaultMat.uasset" 486
"../../../../../end  project/MyProject2/MyProject2/Content/FirstPerson/FPWeapon/Mesh/DC-15s_Blaster_Rifle_By_Jetstorm-477_PhysicsAsset.uasset" 487
"../../../../../end  project/MyProject2/MyProject2/Content/FirstPerson/FPWeapon/Mesh/SK_FPGun_Skeleton.uasset" 488
"../../../../../end  project/MyProject2/MyProject2/Content/FirstPerson/FPWeapon/Mesh/DC-15s_Blaster_Rifle_By_Jetstorm-477.uasset" 489
"../../../../../end  project/MyProject2/MyProject2/Content/FirstPerson/FPWeapon/Materials/MaterialLayers/T_ML_Rubber_Blue_01_D.uasset" 490
"../../../../../end  project/MyProject2/MyProject2/Content/FirstPerson/FPWeapon/Materials/MaterialLayers/T_ML_Rubber_Blue_01_N.uasset" 491
"../../../../../end  project/MyProject2/MyProject2/Content/FirstPerson/FPWeapon/Materials/MaterialLayers/ML_GlossyBlack_Latex_UE4.uasset" 492
"../../../../../end  project/MyProject2/MyProject2/Content/FirstPerson/FPWeapon/Materials/MaterialLayers/ML_Plastic_Shiny_Beige.uasset" 493
"../../../../../end  project/MyProject2/MyProject2/Content/FirstPerson/FPWeapon/Materials/MaterialLayers/ML_Screen.uasset" 494
"../../../../../end  project/MyProject2/MyProject2/Content/FirstPerson/FPWeapon/Materials/MaterialLayers/T_ML_Aluminum01.uasset" 495
"../../../../../end  project/MyProject2/MyProject2/Content/FirstPerson/FPWeapon/Materials/MaterialLayers/T_ML_Aluminum01_N.uasset" 496
"../../../../../end  project/MyProject2/MyProject2/Content/FirstPerson/FPWeapon/Materials/MaterialLayers/ML_SoftMetal_UE4.uasset" 497
"../../../../../end  project/MyProject2/MyProject2/Content/FirstPerson/FPWeapon/Textures/T_FPGun_M.uasset" 498
"../../../../../end  project/MyProject2/MyProject2/Content/FirstPerson/FPWeapon/Textures/T_FPGun_N.uasset" 499
"../../../../../end  project/MyProject2/MyProject2/Content/FirstPerson/FPWeapon/Materials/M_FPGun.uasset" 500
"../../../../../end  project/MyProject2/MyProject2/Content/FirstPerson/FPWeapon/Mesh/SK_FPGun.uasset" 501
"../../../../../end  project/MyProject2/MyProject2/Content/FirstPersonBP/Blueprints/FirstPersonCharacter.uasset" 502
"../../../../../end  project/MyProject2/MyProject2/Content/FirstPersonBP/AI/jumpzone.uasset" 503
"../../../Engine/Content/EngineSky/C_Sky_Cloud_Color.uasset" 504
"../../../Engine/Content/EngineSky/C_Sky_Horizon_Color.uasset" 505
"../../../Engine/Content/EngineSky/C_Sky_Zenith_Color.uasset" 506
"../../../Engine/Content/EngineSky/T_Sky_Blue.uasset" 507
"../../../Engine/Content/EngineSky/T_Sky_Clouds_M.uasset" 508
"../../../Engine/Content/EngineSky/T_Sky_Stars.uasset" 509
"../../../Engine/Content/EngineSky/M_Sky_Panning_Clouds2.uasset" 510
"../../../Engine/Content/EngineSky/SM_SkySphere.uasset" 511
"../../../Engine/Content/EngineSky/BP_Sky_Sphere.uasset" 512
"../../../../../end  project/MyProject2/MyProject2/Content/FirstPersonBP/AI/Spawner.uasset" 513
"../../../../../end  project/MyProject2/MyProject2/Content/FirstPerson/Textures/FirstPersonCrosshair.uasset" 514
"../../../../../end  project/MyProject2/MyProject2/Content/FirstPersonBP/Blueprints/FirstPersonHUD.uasset" 515
"../../../../../end  project/MyProject2/MyProject2/Content/FirstPersonBP/Blueprints/FirstPersonGameMode.uasset" 516
"../../../../../end  project/MyProject2/MyProject2/Content/FirstPersonBP/Maps/FirstPersonExampleMap_BuiltData.uasset" 517
"../../../Engine/Content/BasicShapes/BasicShapeMaterial.uasset" 518
"../../../Engine/Content/EngineMaterials/AntiAliasedTextMaterialTranslucent.uasset" 519
"../../../../../end  project/MyProject2/MyProject2/Content/MobileStarterContent/Textures/T_Ground_Gravel_D.uasset" 520
"../../../../../end  project/MyProject2/MyProject2/Content/MobileStarterContent/Textures/T_Ground_Gravel_N.uasset" 521
"../../../../../end  project/MyProject2/MyProject2/Content/MobileStarterContent/Materials/M_Ground_Gravel.uasset" 522
"../../../../../end  project/MyProject2/MyProject2/Content/FirstPerson/Meshes/CubeMaterialOverride.uasset" 523
"../../../../../end  project/MyProject2/MyProject2/Content/Geometry/Meshes/1M_Cube.uasset" 524
"../../../../../end  project/MyProject2/MyProject2/Content/FirstPersonBP/Maps/FirstPersonExampleMap.umap" 525
"../../../../../end  project/MyProject2/MyProject2/Content/FirstPersonBP/menu/button.uasset" 526
"../../../../../end  project/MyProject2/MyProject2/Content/FirstPersonBP/menu/button1.uasset" 527
"../../../../../end  project/MyProject2/MyProject2/Content/FirstPersonBP/menu/button2.uasset" 528
"../../../../../end  project/MyProject2/MyProject2/Content/FirstPersonBP/Maps/Menu_BuiltData.uasset" 529
"../../../../../end  project/MyProject2/MyProject2/Content/MobileStarterContent/Textures/T_Brick_Cut_Stone_D.uasset" 530
"../../../../../end  project/MyProject2/MyProject2/Content/MobileStarterContent/Textures/T_Brick_Cut_Stone_N.uasset" 531
"../../../../../end  project/MyProject2/MyProject2/Content/MobileStarterContent/Materials/M_Brick_Cut_Stone.uasset" 532
"../../../../../end  project/MyProject2/MyProject2/Content/MobileStarterContent/Textures/T_Rock_Sandstone_D.uasset" 533
"../../../../../end  project/MyProject2/MyProject2/Content/MobileStarterContent/Textures/T_Rock_Sandstone_N.uasset" 534
"../../../../../end  project/MyProject2/MyProject2/Content/MobileStarterContent/Materials/M_Rock_Sandstone.uasset" 535
"../../../../../end  project/MyProject2/MyProject2/Content/MobileStarterContent/Textures/T_Rock_Slate_D.uasset" 536
"../../../../../end  project/MyProject2/MyProject2/Content/MobileStarterContent/Textures/T_Rock_Slate_N.uasset" 537
"../../../../../end  project/MyProject2/MyProject2/Content/MobileStarterContent/Materials/M_Rock_Slate.uasset" 538
"../../../Engine/Content/BasicShapes/Cube.uasset" 539
"../../../../../end  project/MyProject2/MyProject2/Content/FirstPersonBP/menu/Cube.uasset" 540
"../../../../../end  project/MyProject2/MyProject2/Content/FirstPersonBP/Maps/Menu.umap" 541
"../../../../../end  project/MyProject2/MyProject2/Content/FirstPersonBP/Maps/playmap1_BuiltData.uasset" 542
"../../../../../end  project/MyProject2/MyProject2/Content/FirstPersonBP/Maps/playmap1.umap" 543
"../../../../../end  project/MyProject2/MyProject2/Content/MobileStarterContent/Maps/Minimal_Default_BuiltData.uasset" 544
"../../../../../end  project/MyProject2/MyProject2/Content/MobileStarterContent/Materials/M_Basic_Floor.uasset" 545
"../../../../../end  project/MyProject2/MyProject2/Content/MobileStarterContent/Architecture/Floor_400x400.uasset" 546
"../../../../../end  project/MyProject2/MyProject2/Content/MobileStarterContent/Props/SM_Chair.uasset" 547
"../../../../../end  project/MyProject2/MyProject2/Content/MobileStarterContent/Textures/T_Statue_M.uasset" 548
"../../../../../end  project/MyProject2/MyProject2/Content/MobileStarterContent/Textures/T_Statue_N.uasset" 549
"../../../../../end  project/MyProject2/MyProject2/Content/MobileStarterContent/Props/Materials/M_Statue.uasset" 550
"../../../../../end  project/MyProject2/MyProject2/Content/MobileStarterContent/Props/Materials/M_StatueGlass.uasset" 551
"../../../../../end  project/MyProject2/MyProject2/Content/MobileStarterContent/Props/SM_Statue.uasset" 552
"../../../../../end  project/MyProject2/MyProject2/Content/MobileStarterContent/Props/SM_TableRound.uasset" 553
"../../../../../end  project/MyProject2/MyProject2/Content/MobileStarterContent/Maps/Minimal_Default.umap" 554
"../../../../../end  project/MyProject2/MyProject2/Content/MobileStarterContent/Audio/Fire01.uasset" 555
"../../../../../end  project/MyProject2/MyProject2/Content/MobileStarterContent/Audio/Fire01_Cue.uasset" 556
"../../../../../end  project/MyProject2/MyProject2/Content/MobileStarterContent/Textures/T_Fire_SubUV.uasset" 557
"../../../../../end  project/MyProject2/MyProject2/Content/MobileStarterContent/Textures/T_Fire_Tiled_D.uasset" 558
"../../../../../end  project/MyProject2/MyProject2/Content/MobileStarterContent/Particles/Materials/M_Fire_SubUV.uasset" 559
"../../../../../end  project/MyProject2/MyProject2/Content/MobileStarterContent/Particles/Materials/M_Radial_Gradient.uasset" 560
"../../../../../end  project/MyProject2/MyProject2/Content/MobileStarterContent/Particles/P_Fire.uasset" 561
"../../../../../end  project/MyProject2/MyProject2/Content/MobileStarterContent/Blueprints/Blueprint_Effect_Fire.uasset" 562
"../../../../../end  project/MyProject2/MyProject2/Content/MobileStarterContent/Audio/Smoke01.uasset" 563
"../../../../../end  project/MyProject2/MyProject2/Content/MobileStarterContent/Audio/Smoke01_Cue.uasset" 564
"../../../../../end  project/MyProject2/MyProject2/Content/MobileStarterContent/Particles/P_Smoke.uasset" 565
"../../../../../end  project/MyProject2/MyProject2/Content/MobileStarterContent/Blueprints/Blueprint_Effect_Smoke.uasset" 566
"../../../../../end  project/MyProject2/MyProject2/Content/MobileStarterContent/Audio/Fire_Sparks01.uasset" 567
"../../../../../end  project/MyProject2/MyProject2/Content/MobileStarterContent/Audio/Fire_Sparks01_Cue.uasset" 568
"../../../../../end  project/MyProject2/MyProject2/Content/MobileStarterContent/Textures/T_Spark_Core.uasset" 569
"../../../../../end  project/MyProject2/MyProject2/Content/MobileStarterContent/Particles/Materials/M_Spark.uasset" 570
"../../../../../end  project/MyProject2/MyProject2/Content/MobileStarterContent/Particles/P_Sparks.uasset" 571
"../../../../../end  project/MyProject2/MyProject2/Content/MobileStarterContent/Blueprints/Blueprint_Effect_Sparks.uasset" 572
"../../../../../end  project/MyProject2/MyProject2/Content/MobileStarterContent/Textures/T_Lamp_M.uasset" 573
"../../../../../end  project/MyProject2/MyProject2/Content/MobileStarterContent/Textures/T_Lamp_N.uasset" 574
"../../../../../end  project/MyProject2/MyProject2/Content/MobileStarterContent/Props/Materials/M_Lamp.uasset" 575
"../../../../../end  project/MyProject2/MyProject2/Content/MobileStarterContent/Props/SM_Lamp_Ceiling.uasset" 576
"../../../../../end  project/MyProject2/MyProject2/Content/MobileStarterContent/Blueprints/Blueprint_CeilingLight.uasset" 577
"../../../../../end  project/MyProject2/MyProject2/Content/MobileStarterContent/Props/SM_Lamp_Wall.uasset" 578
"../../../../../end  project/MyProject2/MyProject2/Content/MobileStarterContent/Blueprints/Blueprint_WallSconce.uasset" 579
"../../../../../end  project/MyProject2/MyProject2/Content/MobileStarterContent/Maps/StarterMap_BuiltData.uasset" 580
"../../../../../end  project/MyProject2/MyProject2/Content/MobileStarterContent/Textures/T_Brick_Clay_Beveled_D.uasset" 581
"../../../../../end  project/MyProject2/MyProject2/Content/MobileStarterContent/Textures/T_Brick_Clay_Beveled_M.uasset" 582
"../../../../../end  project/MyProject2/MyProject2/Content/MobileStarterContent/Textures/T_Brick_Clay_Beveled_N.uasset" 583
"../../../../../end  project/MyProject2/MyProject2/Content/MobileStarterContent/Materials/M_Brick_Clay_Beveled.uasset" 584
"../../../../../end  project/MyProject2/MyProject2/Content/MobileStarterContent/Textures/T_Brick_Clay_New_D.uasset" 585
"../../../../../end  project/MyProject2/MyProject2/Content/MobileStarterContent/Textures/T_Brick_Clay_New_M.uasset" 586
"../../../../../end  project/MyProject2/MyProject2/Content/MobileStarterContent/Textures/T_Brick_Clay_New_N.uasset" 587
"../../../../../end  project/MyProject2/MyProject2/Content/MobileStarterContent/Materials/M_Brick_Clay_New.uasset" 588
"../../../../../end  project/MyProject2/MyProject2/Content/MobileStarterContent/Textures/T_Brick_Clay_Old_D.uasset" 589
"../../../../../end  project/MyProject2/MyProject2/Content/MobileStarterContent/Textures/T_Brick_Clay_Old_N.uasset" 590
"../../../../../end  project/MyProject2/MyProject2/Content/MobileStarterContent/Materials/M_Brick_Clay_Old.uasset" 591
"../../../../../end  project/MyProject2/MyProject2/Content/MobileStarterContent/Textures/T_Brick_Hewn_Stone_D.uasset" 592
"../../../../../end  project/MyProject2/MyProject2/Content/MobileStarterContent/Textures/T_Brick_Hewn_Stone_M.uasset" 593
"../../../../../end  project/MyProject2/MyProject2/Content/MobileStarterContent/Textures/T_Brick_Hewn_Stone_N.uasset" 594
"../../../../../end  project/MyProject2/MyProject2/Content/MobileStarterContent/Materials/M_Brick_Hewn_Stone.uasset" 595
"../../../../../end  project/MyProject2/MyProject2/Content/MobileStarterContent/Textures/T_Ceramic_Tile_M.uasset" 596
"../../../../../end  project/MyProject2/MyProject2/Content/MobileStarterContent/Textures/T_Ceramic_Tile_N.uasset" 597
"../../../../../end  project/MyProject2/MyProject2/Content/MobileStarterContent/Textures/T_Rock_Marble_Polished_D.uasset" 598
"../../../../../end  project/MyProject2/MyProject2/Content/MobileStarterContent/Materials/M_Ceramic_Tile_Checker.uasset" 599
"../../../../../end  project/MyProject2/MyProject2/Content/MobileStarterContent/Textures/T_CobbleStone_Pebble_D.uasset" 600
"../../../../../end  project/MyProject2/MyProject2/Content/MobileStarterContent/Textures/T_CobbleStone_Pebble_N.uasset" 601
"../../../../../end  project/MyProject2/MyProject2/Content/MobileStarterContent/Materials/M_CobbleStone_Pebble.uasset" 602
"../../../../../end  project/MyProject2/MyProject2/Content/MobileStarterContent/Textures/T_CobbleStone_Rough_D.uasset" 603
"../../../../../end  project/MyProject2/MyProject2/Content/MobileStarterContent/Textures/T_CobbleStone_Rough_N.uasset" 604
"../../../../../end  project/MyProject2/MyProject2/Content/MobileStarterContent/Materials/M_CobbleStone_Rough.uasset" 605
"../../../../../end  project/MyProject2/MyProject2/Content/MobileStarterContent/Textures/T_CobbleStone_Smooth_D.uasset" 606
"../../../../../end  project/MyProject2/MyProject2/Content/MobileStarterContent/Textures/T_CobbleStone_Smooth_M.uasset" 607
"../../../../../end  project/MyProject2/MyProject2/Content/MobileStarterContent/Textures/T_CobbleStone_Smooth_N.uasset" 608
"../../../../../end  project/MyProject2/MyProject2/Content/MobileStarterContent/Materials/M_CobbleStone_Smooth.uasset" 609
"../../../../../end  project/MyProject2/MyProject2/Content/MobileStarterContent/Textures/T_Concrete_Grime_D.uasset" 610
"../../../../../end  project/MyProject2/MyProject2/Content/MobileStarterContent/Materials/M_Concrete_Grime.uasset" 611
"../../../../../end  project/MyProject2/MyProject2/Content/MobileStarterContent/Textures/T_Concrete_Panels_D.uasset" 612
"../../../../../end  project/MyProject2/MyProject2/Content/MobileStarterContent/Textures/T_Concrete_Panels_N.uasset" 613
"../../../../../end  project/MyProject2/MyProject2/Content/MobileStarterContent/Materials/M_Concrete_Panels.uasset" 614
"../../../../../end  project/MyProject2/MyProject2/Content/MobileStarterContent/Textures/T_Concrete_Poured_D.uasset" 615
"../../../../../end  project/MyProject2/MyProject2/Content/MobileStarterContent/Textures/T_Concrete_Poured_N.uasset" 616
"../../../../../end  project/MyProject2/MyProject2/Content/MobileStarterContent/Materials/M_Concrete_Poured.uasset" 617
"../../../../../end  project/MyProject2/MyProject2/Content/MobileStarterContent/Textures/T_Concrete_Tiles_D.uasset" 618
"../../../../../end  project/MyProject2/MyProject2/Content/MobileStarterContent/Textures/T_Concrete_Tiles_M.uasset" 619
"../../../../../end  project/MyProject2/MyProject2/Content/MobileStarterContent/Textures/T_Concrete_Tiles_N.uasset" 620
"../../../../../end  project/MyProject2/MyProject2/Content/MobileStarterContent/Materials/M_Concrete_Tiles.uasset" 621
"../../../../../end  project/MyProject2/MyProject2/Content/MobileStarterContent/Textures/T_ground_Moss_D.uasset" 622
"../../../../../end  project/MyProject2/MyProject2/Content/MobileStarterContent/Textures/T_Ground_Moss_N.uasset" 623
"../../../../../end  project/MyProject2/MyProject2/Content/MobileStarterContent/Materials/M_Ground_Moss.uasset" 624
"../../../../../end  project/MyProject2/MyProject2/Content/MobileStarterContent/Textures/T_MacroVariation.uasset" 625
"../../../../../end  project/MyProject2/MyProject2/Content/MobileStarterContent/Materials/M_Metal_Brushed_Nickel.uasset" 626
"../../../../../end  project/MyProject2/MyProject2/Content/MobileStarterContent/Textures/T_Metal_Aluminum_D.uasset" 627
"../../../../../end  project/MyProject2/MyProject2/Content/MobileStarterContent/Textures/T_Metal_Gold_N.uasset" 628
"../../../../../end  project/MyProject2/MyProject2/Content/MobileStarterContent/Materials/M_Metal_Burnished_Steel.uasset" 629
"../../../../../end  project/MyProject2/MyProject2/Content/MobileStarterContent/Materials/M_Metal_Chrome.uasset" 630
"../../../../../end  project/MyProject2/MyProject2/Content/MobileStarterContent/Textures/T_Metal_Copper_D.uasset" 631
"../../../../../end  project/MyProject2/MyProject2/Content/MobileStarterContent/Materials/M_Metal_Copper.uasset" 632
"../../../../../end  project/MyProject2/MyProject2/Content/MobileStarterContent/Textures/T_Metal_Gold_D.uasset" 633
"../../../../../end  project/MyProject2/MyProject2/Content/MobileStarterContent/Materials/M_Metal_Gold.uasset" 634
"../../../../../end  project/MyProject2/MyProject2/Content/MobileStarterContent/Textures/T_Metal_Steel_D.uasset" 635
"../../../../../end  project/MyProject2/MyProject2/Content/MobileStarterContent/Textures/T_Metal_Steel_N.uasset" 636
"../../../../../end  project/MyProject2/MyProject2/Content/MobileStarterContent/Materials/M_Metal_Steel.uasset" 637
"../../../../../end  project/MyProject2/MyProject2/Content/MobileStarterContent/Textures/T_Rock_Basalt_N.uasset" 638
"../../../../../end  project/MyProject2/MyProject2/Content/MobileStarterContent/Materials/M_Rock_Basalt.uasset" 639
"../../../../../end  project/MyProject2/MyProject2/Content/MobileStarterContent/Materials/M_Rock_Marble_Polished.uasset" 640
"../../../../../end  project/MyProject2/MyProject2/Content/MobileStarterContent/Textures/T_Checker_Noise_M.uasset" 641
"../../../../../end  project/MyProject2/MyProject2/Content/MobileStarterContent/Textures/T_Single_Tile_N.uasset" 642
"../../../../../end  project/MyProject2/MyProject2/Content/MobileStarterContent/Textures/T_Tech_Dot_M.uasset" 643
"../../../../../end  project/MyProject2/MyProject2/Content/MobileStarterContent/Textures/T_Tech_Dot_N.uasset" 644
"../../../../../end  project/MyProject2/MyProject2/Content/MobileStarterContent/Materials/M_Tech_Checker_Dot.uasset" 645
"../../../../../end  project/MyProject2/MyProject2/Content/MobileStarterContent/Textures/T_Tech_Hex_Tile_M.uasset" 646
"../../../../../end  project/MyProject2/MyProject2/Content/MobileStarterContent/Textures/T_Tech_Hex_Tile_N.uasset" 647
"../../../../../end  project/MyProject2/MyProject2/Content/MobileStarterContent/Materials/M_Tech_Hex_Tile.uasset" 648
"../../../../../end  project/MyProject2/MyProject2/Content/MobileStarterContent/Materials/M_Tech_Hex_Tile_Pulse.uasset" 649
"../../../../../end  project/MyProject2/MyProject2/Content/MobileStarterContent/Textures/T_Tech_Panel_M.uasset" 650
"../../../../../end  project/MyProject2/MyProject2/Content/MobileStarterContent/Textures/T_Tech_Panel_N.uasset" 651
"../../../../../end  project/MyProject2/MyProject2/Content/MobileStarterContent/Materials/M_Tech_Panel.uasset" 652
"../../../../../end  project/MyProject2/MyProject2/Content/MobileStarterContent/Textures/T_Water_N.uasset" 653
"../../../../../end  project/MyProject2/MyProject2/Content/MobileStarterContent/Materials/M_Water_Lake.uasset" 654
"../../../../../end  project/MyProject2/MyProject2/Content/MobileStarterContent/Textures/T_Water_M.uasset" 655
"../../../../../end  project/MyProject2/MyProject2/Content/MobileStarterContent/Materials/M_Water_Ocean.uasset" 656
"../../../../../end  project/MyProject2/MyProject2/Content/MobileStarterContent/Textures/T_Wood_Floor_Walnut_D.uasset" 657
"../../../../../end  project/MyProject2/MyProject2/Content/MobileStarterContent/Textures/T_Wood_Floor_Walnut_M.uasset" 658
"../../../../../end  project/MyProject2/MyProject2/Content/MobileStarterContent/Textures/T_Wood_Floor_Walnut_N.uasset" 659
"../../../../../end  project/MyProject2/MyProject2/Content/MobileStarterContent/Materials/M_Wood_Floor_Walnut_Polished.uasset" 660
"../../../../../end  project/MyProject2/MyProject2/Content/MobileStarterContent/Materials/M_Wood_Floor_Walnut_Worn.uasset" 661
"../../../../../end  project/MyProject2/MyProject2/Content/MobileStarterContent/Textures/T_Wood_Oak_D.uasset" 662
"../../../../../end  project/MyProject2/MyProject2/Content/MobileStarterContent/Textures/T_Wood_Oak_N.uasset" 663
"../../../../../end  project/MyProject2/MyProject2/Content/MobileStarterContent/Materials/M_Wood_Oak.uasset" 664
"../../../../../end  project/MyProject2/MyProject2/Content/MobileStarterContent/Textures/T_Wood_Pine_D.uasset" 665
"../../../../../end  project/MyProject2/MyProject2/Content/MobileStarterContent/Textures/T_Wood_Pine_N.uasset" 666
"../../../../../end  project/MyProject2/MyProject2/Content/MobileStarterContent/Materials/M_Wood_Pine.uasset" 667
"../../../../../end  project/MyProject2/MyProject2/Content/MobileStarterContent/Textures/T_Wood_Walnut_D.uasset" 668
"../../../../../end  project/MyProject2/MyProject2/Content/MobileStarterContent/Textures/T_Wood_Walnut_N.uasset" 669
"../../../../../end  project/MyProject2/MyProject2/Content/MobileStarterContent/Materials/M_Wood_Walnut.uasset" 670
"../../../../../end  project/MyProject2/MyProject2/Content/MobileStarterContent/Architecture/Wall_400x200.uasset" 671
"../../../../../end  project/MyProject2/MyProject2/Content/MobileStarterContent/Architecture/Wall_Door_400x300.uasset" 672
"../../../../../end  project/MyProject2/MyProject2/Content/MobileStarterContent/Architecture/Wall_Window_400x300.uasset" 673
"../../../../../end  project/MyProject2/MyProject2/Content/MobileStarterContent/Audio/Collapse01.uasset" 674
"../../../../../end  project/MyProject2/MyProject2/Content/MobileStarterContent/Audio/Collapse02.uasset" 675
"../../../../../end  project/MyProject2/MyProject2/Content/MobileStarterContent/Audio/Collapse_Cue.uasset" 676
"../../../../../end  project/MyProject2/MyProject2/Content/MobileStarterContent/Audio/Starter_Birds01.uasset" 677
"../../../../../end  project/MyProject2/MyProject2/Content/MobileStarterContent/Audio/Starter_Wind05.uasset" 678
"../../../../../end  project/MyProject2/MyProject2/Content/MobileStarterContent/Audio/Starter_Wind06.uasset" 679
"../../../../../end  project/MyProject2/MyProject2/Content/MobileStarterContent/Audio/Starter_Background_Cue.uasset" 680
"../../../../../end  project/MyProject2/MyProject2/Content/MobileStarterContent/Audio/Starter_Music01.uasset" 681
"../../../../../end  project/MyProject2/MyProject2/Content/MobileStarterContent/Audio/Starter_Music_Cue.uasset" 682
"../../../../../end  project/MyProject2/MyProject2/Content/MobileStarterContent/Textures/T_Dust_Particle_D.uasset" 683
"../../../../../end  project/MyProject2/MyProject2/Content/MobileStarterContent/Particles/Materials/M_Dust_Particle.uasset" 684
"../../../../../end  project/MyProject2/MyProject2/Content/MobileStarterContent/Particles/P_Ambient_Dust.uasset" 685
"../../../../../end  project/MyProject2/MyProject2/Content/MobileStarterContent/Props/MaterialSphere.uasset" 686
"../../../../../end  project/MyProject2/MyProject2/Content/MobileStarterContent/Textures/T_Frame_M.uasset" 687
"../../../../../end  project/MyProject2/MyProject2/Content/MobileStarterContent/Textures/T_Frame_N.uasset" 688
"../../../../../end  project/MyProject2/MyProject2/Content/MobileStarterContent/Props/Materials/M_Frame.uasset" 689
"../../../../../end  project/MyProject2/MyProject2/Content/MobileStarterContent/Props/SM_CornerFrame.uasset" 690
"../../../../../end  project/MyProject2/MyProject2/Content/MobileStarterContent/Props/SM_DoorFrame.uasset" 691
"../../../../../end  project/MyProject2/MyProject2/Content/MobileStarterContent/Props/SM_GlassWindow.uasset" 692
"../../../../../end  project/MyProject2/MyProject2/Content/MobileStarterContent/Props/SM_PillarFrame.uasset" 693
"../../../../../end  project/MyProject2/MyProject2/Content/MobileStarterContent/Props/SM_PillarFrame300.uasset" 694
"../../../../../end  project/MyProject2/MyProject2/Content/MobileStarterContent/Props/SM_WindowFrame.uasset" 695
"../../../../../end  project/MyProject2/MyProject2/Content/MobileStarterContent/Shapes/Shape_Cube.uasset" 696
"../../../../../end  project/MyProject2/MyProject2/Content/MobileStarterContent/Shapes/Shape_QuadPyramid.uasset" 697
"../../../../../end  project/MyProject2/MyProject2/Content/MobileStarterContent/Shapes/Shape_Sphere.uasset" 698
"../../../../../end  project/MyProject2/MyProject2/Content/MobileStarterContent/Maps/StarterMap.umap" 699
